# do {tb_layer_1_compile.do}
# ** Warning: (vlib-34) Library already exists at "modelsim_lib/work".
# ** Warning: (vlib-34) Library already exists at "modelsim_lib/msim".
# ** Warning: (vlib-34) Library already exists at "modelsim_lib/msim/xil_defaultlib".
# ** Warning: (vlib-34) Library already exists at "modelsim_lib/msim/blk_mem_gen_v8_4_2".
# Model Technology ModelSim SE-64 vmap 10.5 Lib Mapping Utility 2016.02 Feb 13 2016
# vmap xil_defaultlib modelsim_lib/msim/xil_defaultlib 
# Modifying modelsim.ini
# Model Technology ModelSim SE-64 vmap 10.5 Lib Mapping Utility 2016.02 Feb 13 2016
# vmap blk_mem_gen_v8_4_2 modelsim_lib/msim/blk_mem_gen_v8_4_2 
# Modifying modelsim.ini
# ** Warning: (vlog-159) Mode option -64 is not supported in this context and will be ignored.
# Model Technology ModelSim SE-64 vlog 10.5 Compiler 2016.02 Feb 13 2016
# Start time: 13:35:12 on Feb 25,2023
# vlog -64 -incr -sv -work xil_defaultlib D:/vivado/Vivado/2018.3/data/ip/xpm/xpm_memory/hdl/xpm_memory.sv 
# -- Skipping module xpm_memory_base
# -- Skipping module asym_bwe_bb
# -- Skipping module xpm_memory_dpdistram
# -- Skipping module xpm_memory_dprom
# -- Skipping module xpm_memory_sdpram
# -- Skipping module xpm_memory_spram
# -- Skipping module xpm_memory_sprom
# -- Skipping module xpm_memory_tdpram
# 
# Top level modules:
# 	xpm_memory_dpdistram
# 	xpm_memory_dprom
# 	xpm_memory_sdpram
# 	xpm_memory_spram
# 	xpm_memory_sprom
# 	xpm_memory_tdpram
# End time: 13:35:12 on Feb 25,2023, Elapsed time: 0:00:00
# Errors: 0, Warnings: 1
# ** Warning: (vlog-159) Mode option -64 is not supported in this context and will be ignored.
# Model Technology ModelSim SE-64 vlog 10.5 Compiler 2016.02 Feb 13 2016
# Start time: 13:35:12 on Feb 25,2023
# vlog -64 -incr -work xil_defaultlib ../../../../conv_prj.srcs/sources_1/ip/mult_16/mult_16_sim_netlist.v ../../../../conv_prj.srcs/sources_1/ip/shift_ram_conv_5_5/shift_ram_conv_5_5_sim_netlist.v 
# -- Skipping module mult_16
# -- Skipping module mult_16_mult_gen_v12_0_14
# -- Compiling module glbl
# -- Skipping module shift_ram_conv_5_5
# -- Skipping module shift_ram_conv_5_5_c_shift_ram_v12_0_12
# 
# Top level modules:
# 	mult_16
# 	glbl
# 	shift_ram_conv_5_5
# End time: 13:35:12 on Feb 25,2023, Elapsed time: 0:00:00
# Errors: 0, Warnings: 1
# ** Warning: (vlog-159) Mode option -64 is not supported in this context and will be ignored.
# Model Technology ModelSim SE-64 vlog 10.5 Compiler 2016.02 Feb 13 2016
# Start time: 13:35:12 on Feb 25,2023
# vlog -64 -incr -work blk_mem_gen_v8_4_2 ../../../../conv_prj.ip_user_files/ipstatic/simulation/blk_mem_gen_v8_4.v 
# -- Skipping module STATE_LOGIC_v8_4
# -- Skipping module beh_vlog_muxf7_v8_4
# -- Skipping module beh_vlog_ff_clr_v8_4
# -- Skipping module beh_vlog_ff_pre_v8_4
# -- Skipping module beh_vlog_ff_ce_clr_v8_4
# -- Skipping module write_netlist_v8_4
# -- Skipping module read_netlist_v8_4
# -- Skipping module blk_mem_axi_write_wrapper_beh_v8_4
# -- Skipping module blk_mem_axi_read_wrapper_beh_v8_4
# -- Skipping module blk_mem_axi_regs_fwd_v8_4
# -- Skipping module blk_mem_gen_v8_4_2_output_stage
# -- Skipping module blk_mem_gen_v8_4_2_softecc_output_reg_stage
# -- Skipping module blk_mem_gen_v8_4_2_mem_module
# -- Skipping module blk_mem_gen_v8_4_2
# 
# Top level modules:
# 	blk_mem_gen_v8_4_2
# End time: 13:35:12 on Feb 25,2023, Elapsed time: 0:00:00
# Errors: 0, Warnings: 1
# ** Warning: (vlog-159) Mode option -64 is not supported in this context and will be ignored.
# Model Technology ModelSim SE-64 vlog 10.5 Compiler 2016.02 Feb 13 2016
# Start time: 13:35:13 on Feb 25,2023
# vlog -64 -incr -work xil_defaultlib ../../../../conv_prj.srcs/sources_1/ip/rom_16x784/sim/rom_16x784.v ../../../../conv_prj.srcs/sources_1/new/conv.v ../../../../conv_prj.srcs/sources_1/new/layer_1.v ../../../../conv_prj.srcs/sources_1/new/pic_input.v ../../../../conv_prj.srcs/sim_1/new/tb_layer_1.v 
# -- Compiling module rom_16x784
# -- Skipping module conv
# -- Skipping module layer_1
# -- Skipping module pic_input
# -- Skipping module tb_layer_1
# 
# Top level modules:
# 	tb_layer_1
# End time: 13:35:13 on Feb 25,2023, Elapsed time: 0:00:00
# Errors: 0, Warnings: 1
# Model Technology ModelSim SE-64 vlog 10.5 Compiler 2016.02 Feb 13 2016
# Start time: 13:35:13 on Feb 25,2023
# vlog -work xil_defaultlib glbl.v 
# -- Compiling module glbl
# 
# Top level modules:
# 	glbl
# End time: 13:35:13 on Feb 25,2023, Elapsed time: 0:00:00
# Errors: 0, Warnings: 0
